[May  5, 2022 19:32:00] [DEBUG] Initializing database
[May  5, 2022 19:32:00] [DEBUG] Initializing state store
[May  5, 2022 19:32:00] [DEBUG] Initializing Matrix event processor
[May  5, 2022 19:32:00] [DEBUG] Initializing Matrix event handler
[May  5, 2022 19:32:00] [INFO] Bridge initialization complete, starting...
[May  5, 2022 19:32:00] [DEBUG] Checking connection to homeserver
[May  5, 2022 19:32:00] [DEBUG] Initializing provisioning API
[May  5, 2022 19:32:00] [Provisiong/DEBUG] Enabling provisioning API at
%!(EXTRA string=, *maulogger.Sublogger=&{0xc0000761e0 0xc0000761e0 Provisiong {INFO 10 36} map[]})
[May  5, 2022 19:32:00] [DEBUG] Starting application service HTTP server
[May  5, 2022 19:32:00] [DEBUG] Starting event processor
[May  5, 2022 19:32:00] [INFO] Bridge started!
[May  5, 2022 19:32:00] [DEBUG] Updating bot profile
[May  5, 2022 19:32:00] [Matrix/INFO] Listening on 0.0.0.0:29318
[May  5, 2022 19:32:10] [Database/User/ERROR] Database scan failed: pq: column "mxid" does not exist
[May  5, 2022 19:32:10] [User/@kevindom:localhost/DEBUG] Starting User with
%!(EXTRA string=df471b07-31a6-4304-921a-ba0cacf36c8d, string=from, string=provisioning API New User)
[May  5, 2022 19:32:10] [Matrix/@fts_406421229927413761:localhost/DEBUG] req #2: POST http://localhost:8008/_matrix/client/r0/register?user_id=%40fts_406421229927413761%3Alocalhost {"username":"fts_406421229927413761","inhibit_login":true,"type":"m.login.application_service"}
[May  5, 2022 19:32:10] [Matrix/@fts_406421229927413761:localhost/DEBUG] req #3: PUT http://localhost:8008/_matrix/client/r0/profile/@fts_406421229927413761:localhost/displayname?user_id=%40fts_406421229927413761%3Alocalhost {"displayname":"Kévin Domingues"}
[May  5, 2022 19:32:10] [Puppet/406421229927413761/DEBUG] Updated name  -> Kévin Domingues
[May  5, 2022 19:37:59] [INFO] Interrupt received, stopping...
[May  5, 2022 19:37:59] [Matrix/DEBUG] Listener stopped.
[May  5, 2022 19:37:59] [INFO] Bridge stopped.
